13:36:25 **** Clean-only build of configuration Debug for project uart ****
make clean 
rm -rf  ./startup/cr_startup_lpc11.o  ./src/uart_main.o  ./driver/can.o ./driver/crp.o ./driver/uart.o  ./cmsis/core_cm0.o ./cmsis/system_LPC11xx.o  ./startup/cr_startup_lpc11.d  ./src/uart_main.d  ./driver/can.d ./driver/crp.d ./driver/uart.d  ./cmsis/core_cm0.d ./cmsis/system_LPC11xx.d  uart.axf
 
13:36:29 **** Build of configuration Debug for project uart ****
make all 
Building file: ../startup/cr_startup_lpc11.c
Invoking: MCU C Compiler
arm-none-eabi-gcc -D__REDLIB__ -D__USE_CMSIS -DDEBUG -D__CODE_RED -I../cmsis -I../config -I../driver -O0 -g3 -Wall -c -fmessage-length=0 -fno-builtin -ffunction-sections -fdata-sections -mcpu=cortex-m0 -mthumb -MMD -MP -MF"startup/cr_startup_lpc11.d" -MT"startup/cr_startup_lpc11.d" -o "startup/cr_startup_lpc11.o" "../startup/cr_startup_lpc11.c"
Finished building: ../startup/cr_startup_lpc11.c
 
Building file: ../src/uart_main.c
Invoking: MCU C Compiler
arm-none-eabi-gcc -D__REDLIB__ -D__USE_CMSIS -DDEBUG -D__CODE_RED -I../cmsis -I../config -I../driver -O0 -g3 -Wall -c -fmessage-length=0 -fno-builtin -ffunction-sections -fdata-sections -mcpu=cortex-m0 -mthumb -MMD -MP -MF"src/uart_main.d" -MT"src/uart_main.d" -o "src/uart_main.o" "../src/uart_main.c"
../src/uart_main.c: In function 'main':
../src/uart_main.c:48:8: error: 'i' undeclared (first use in this function)
../src/uart_main.c:48:8: note: each undeclared identifier is reported only once for each function it appears in
../src/uart_main.c: At top level:
../src/uart_main.c:65:1: error: expected identifier or '(' before '}' token
make: *** [src/uart_main.o] Error 1
13:37:04 **** Incremental Build of configuration Debug for project uart ****
make all 
Building file: ../src/uart_main.c
Invoking: MCU C Compiler
arm-none-eabi-gcc -D__REDLIB__ -D__USE_CMSIS -DDEBUG -D__CODE_RED -I../cmsis -I../config -I../driver -O0 -g3 -Wall -c -fmessage-length=0 -fno-builtin -ffunction-sections -fdata-sections -mcpu=cortex-m0 -mthumb -MMD -MP -MF"src/uart_main.d" -MT"src/uart_main.d" -o "src/uart_main.o" "../src/uart_main.c"
../src/uart_main.c:66:1: error: expected identifier or '(' before '}' token
make: *** [src/uart_main.o] Error 1
13:37:17 **** Incremental Build of configuration Debug for project uart ****
make all 
Building file: ../src/uart_main.c
Invoking: MCU C Compiler
arm-none-eabi-gcc -D__REDLIB__ -D__USE_CMSIS -DDEBUG -D__CODE_RED -I../cmsis -I../config -I../driver -O0 -g3 -Wall -c -fmessage-length=0 -fno-builtin -ffunction-sections -fdata-sections -mcpu=cortex-m0 -mthumb -MMD -MP -MF"src/uart_main.d" -MT"src/uart_main.d" -o "src/uart_main.o" "../src/uart_main.c"
../src/uart_main.c:66:1: error: expected identifier or '(' before '}' token
make: *** [src/uart_main.o] Error 1
13:37:48 **** Incremental Build of configuration Debug for project uart ****
make all 
Building file: ../src/uart_main.c
Invoking: MCU C Compiler
arm-none-eabi-gcc -D__REDLIB__ -D__USE_CMSIS -DDEBUG -D__CODE_RED -I../cmsis -I../config -I../driver -O0 -g3 -Wall -c -fmessage-length=0 -fno-builtin -ffunction-sections -fdata-sections -mcpu=cortex-m0 -mthumb -MMD -MP -MF"src/uart_main.d" -MT"src/uart_main.d" -o "src/uart_main.o" "../src/uart_main.c"
Finished building: ../src/uart_main.c
 
Building file: ../driver/can.c
Invoking: MCU C Compiler
arm-none-eabi-gcc -D__REDLIB__ -D__USE_CMSIS -DDEBUG -D__CODE_RED -I../cmsis -I../config -I../driver -O0 -g3 -Wall -c -fmessage-length=0 -fno-builtin -ffunction-sections -fdata-sections -mcpu=cortex-m0 -mthumb -MMD -MP -MF"driver/can.d" -MT"driver/can.d" -o "driver/can.o" "../driver/can.c"
Finished building: ../driver/can.c
 
Building file: ../driver/crp.c
Invoking: MCU C Compiler
arm-none-eabi-gcc -D__REDLIB__ -D__USE_CMSIS -DDEBUG -D__CODE_RED -I../cmsis -I../config -I../driver -O0 -g3 -Wall -c -fmessage-length=0 -fno-builtin -ffunction-sections -fdata-sections -mcpu=cortex-m0 -mthumb -MMD -MP -MF"driver/crp.d" -MT"driver/crp.d" -o "driver/crp.o" "../driver/crp.c"
Finished building: ../driver/crp.c
 
Building file: ../driver/uart.c
Invoking: MCU C Compiler
arm-none-eabi-gcc -D__REDLIB__ -D__USE_CMSIS -DDEBUG -D__CODE_RED -I../cmsis -I../config -I../driver -O0 -g3 -Wall -c -fmessage-length=0 -fno-builtin -ffunction-sections -fdata-sections -mcpu=cortex-m0 -mthumb -MMD -MP -MF"driver/uart.d" -MT"driver/uart.d" -o "driver/uart.o" "../driver/uart.c"
Finished building: ../driver/uart.c
 
Building file: ../cmsis/core_cm0.c
Invoking: MCU C Compiler
arm-none-eabi-gcc -D__REDLIB__ -D__USE_CMSIS -DDEBUG -D__CODE_RED -I../cmsis -I../config -I../driver -O0 -Os -g3 -Wall -c -fmessage-length=0 -fno-builtin -ffunction-sections -fdata-sections -mcpu=cortex-m0 -mthumb -MMD -MP -MF"cmsis/core_cm0.d" -MT"cmsis/core_cm0.d" -o "cmsis/core_cm0.o" "../cmsis/core_cm0.c"
Finished building: ../cmsis/core_cm0.c
 
Building file: ../cmsis/system_LPC11xx.c
Invoking: MCU C Compiler
arm-none-eabi-gcc -D__REDLIB__ -D__USE_CMSIS -DDEBUG -D__CODE_RED -I../cmsis -I../config -I../driver -O0 -Os -g3 -Wall -c -fmessage-length=0 -fno-builtin -ffunction-sections -fdata-sections -mcpu=cortex-m0 -mthumb -MMD -MP -MF"cmsis/system_LPC11xx.d" -MT"cmsis/system_LPC11xx.d" -o "cmsis/system_LPC11xx.o" "../cmsis/system_LPC11xx.c"
Finished building: ../cmsis/system_LPC11xx.c
 
Building target: uart.axf
Invoking: MCU Linker
arm-none-eabi-gcc -nostdlib -Xlinker -Map=uart.map -Xlinker --gc-sections -mcpu=cortex-m0 -mthumb -T "../linker/lpc1114_flash_crp.ld" -o "uart.axf"  ./startup/cr_startup_lpc11.o  ./src/uart_main.o  ./driver/can.o ./driver/crp.o ./driver/uart.o  ./cmsis/core_cm0.o ./cmsis/system_LPC11xx.o   
./src/uart_main.o: In function `main':
C:\Users\Jacob\Dropbox\ECEN 3000\Lab 9\uart\Debug/../src/uart_main.c:44: undefined reference to `ADCInit'
C:\Users\Jacob\Dropbox\ECEN 3000\Lab 9\uart\Debug/../src/uart_main.c:51: undefined reference to `ADCRead'
C:\Users\Jacob\Dropbox\ECEN 3000\Lab 9\uart\Debug/../src/uart_main.c:65: undefined reference to `ADCIntDone'
C:\Users\Jacob\Dropbox\ECEN 3000\Lab 9\uart\Debug/../src/uart_main.c:65: undefined reference to `ADCValue'
collect2: ld returned 1 exit status
make: *** [uart.axf] Error 1
13:39:35 **** Building Selected Files of configuration Debug for project uart ****
Info: Internal Builder is used for build
13:40:27 **** Building Selected Files of configuration Debug for project uart ****
Info: Internal Builder is used for build
13:41:21 **** Clean-only build of configuration Debug for project uart ****
make clean 
rm -rf  ./startup/cr_startup_lpc11.o  ./src/uart_main.o  ./driver/can.o ./driver/crp.o ./driver/uart.o  ./cmsis/core_cm0.o ./cmsis/system_LPC11xx.o  ./startup/cr_startup_lpc11.d  ./src/uart_main.d  ./driver/can.d ./driver/crp.d ./driver/uart.d  ./cmsis/core_cm0.d ./cmsis/system_LPC11xx.d  uart.axf
 
13:41:22 **** Incremental Build of configuration Debug for project uart ****
make all 
Building file: ../startup/cr_startup_lpc11.c
Invoking: MCU C Compiler
arm-none-eabi-gcc -D__REDLIB__ -D__USE_CMSIS -DDEBUG -D__CODE_RED -I../cmsis -I../config -I../driver -O0 -g3 -Wall -c -fmessage-length=0 -fno-builtin -ffunction-sections -fdata-sections -mcpu=cortex-m0 -mthumb -MMD -MP -MF"startup/cr_startup_lpc11.d" -MT"startup/cr_startup_lpc11.d" -o "startup/cr_startup_lpc11.o" "../startup/cr_startup_lpc11.c"
Finished building: ../startup/cr_startup_lpc11.c
 
Building file: ../src/uart_main.c
Invoking: MCU C Compiler
arm-none-eabi-gcc -D__REDLIB__ -D__USE_CMSIS -DDEBUG -D__CODE_RED -I../cmsis -I../config -I../driver -O0 -g3 -Wall -c -fmessage-length=0 -fno-builtin -ffunction-sections -fdata-sections -mcpu=cortex-m0 -mthumb -MMD -MP -MF"src/uart_main.d" -MT"src/uart_main.d" -o "src/uart_main.o" "../src/uart_main.c"
Finished building: ../src/uart_main.c
 
Building file: ../driver/adc.c
Invoking: MCU C Compiler
arm-none-eabi-gcc -D__REDLIB__ -D__USE_CMSIS -DDEBUG -D__CODE_RED -I../cmsis -I../config -I../driver -O0 -g3 -Wall -c -fmessage-length=0 -fno-builtin -ffunction-sections -fdata-sections -mcpu=cortex-m0 -mthumb -MMD -MP -MF"driver/adc.d" -MT"driver/adc.d" -o "driver/adc.o" "../driver/adc.c"
Finished building: ../driver/adc.c
 
Building file: ../driver/can.c
Invoking: MCU C Compiler
arm-none-eabi-gcc -D__REDLIB__ -D__USE_CMSIS -DDEBUG -D__CODE_RED -I../cmsis -I../config -I../driver -O0 -g3 -Wall -c -fmessage-length=0 -fno-builtin -ffunction-sections -fdata-sections -mcpu=cortex-m0 -mthumb -MMD -MP -MF"driver/can.d" -MT"driver/can.d" -o "driver/can.o" "../driver/can.c"
Finished building: ../driver/can.c
 
Building file: ../driver/crp.c
Invoking: MCU C Compiler
arm-none-eabi-gcc -D__REDLIB__ -D__USE_CMSIS -DDEBUG -D__CODE_RED -I../cmsis -I../config -I../driver -O0 -g3 -Wall -c -fmessage-length=0 -fno-builtin -ffunction-sections -fdata-sections -mcpu=cortex-m0 -mthumb -MMD -MP -MF"driver/crp.d" -MT"driver/crp.d" -o "driver/crp.o" "../driver/crp.c"
Finished building: ../driver/crp.c
 
Building file: ../driver/uart.c
Invoking: MCU C Compiler
arm-none-eabi-gcc -D__REDLIB__ -D__USE_CMSIS -DDEBUG -D__CODE_RED -I../cmsis -I../config -I../driver -O0 -g3 -Wall -c -fmessage-length=0 -fno-builtin -ffunction-sections -fdata-sections -mcpu=cortex-m0 -mthumb -MMD -MP -MF"driver/uart.d" -MT"driver/uart.d" -o "driver/uart.o" "../driver/uart.c"
Finished building: ../driver/uart.c
 
Building file: ../cmsis/core_cm0.c
Invoking: MCU C Compiler
arm-none-eabi-gcc -D__REDLIB__ -D__USE_CMSIS -DDEBUG -D__CODE_RED -I../cmsis -I../config -I../driver -O0 -Os -g3 -Wall -c -fmessage-length=0 -fno-builtin -ffunction-sections -fdata-sections -mcpu=cortex-m0 -mthumb -MMD -MP -MF"cmsis/core_cm0.d" -MT"cmsis/core_cm0.d" -o "cmsis/core_cm0.o" "../cmsis/core_cm0.c"
Finished building: ../cmsis/core_cm0.c
 
Building file: ../cmsis/system_LPC11xx.c
Invoking: MCU C Compiler
arm-none-eabi-gcc -D__REDLIB__ -D__USE_CMSIS -DDEBUG -D__CODE_RED -I../cmsis -I../config -I../driver -O0 -Os -g3 -Wall -c -fmessage-length=0 -fno-builtin -ffunction-sections -fdata-sections -mcpu=cortex-m0 -mthumb -MMD -MP -MF"cmsis/system_LPC11xx.d" -MT"cmsis/system_LPC11xx.d" -o "cmsis/system_LPC11xx.o" "../cmsis/system_LPC11xx.c"
Finished building: ../cmsis/system_LPC11xx.c
 
Building target: uart.axf
Invoking: MCU Linker
arm-none-eabi-gcc -nostdlib -Xlinker -Map=uart.map -Xlinker --gc-sections -mcpu=cortex-m0 -mthumb -T "../linker/lpc1114_flash_crp.ld" -o "uart.axf"  ./startup/cr_startup_lpc11.o  ./src/uart_main.o  ./driver/adc.o ./driver/can.o ./driver/crp.o ./driver/uart.o  ./cmsis/core_cm0.o ./cmsis/system_LPC11xx.o   
Finished building target: uart.axf
 
make --no-print-directory post-build
Performing post-build steps
arm-none-eabi-size uart.axf; arm-none-eabi-objcopy -O binary uart.axf uart.bin ; checksum -p LPC1114_302 -d uart.bin;
   text	   data	    bss	    dec	    hex	filename
   2816	      8	    112	   2936	    b78	uart.axf
Created checksum 0xefffd62d at offset 0x1c in file uart.bin 
13:42:18 **** Incremental Build of configuration Debug for project uart ****
make all 
make: Nothing to be done for `all'.
13:42:22 **** Incremental Build of configuration Debug for project uart ****
make all 
make: Nothing to be done for `all'.
13:42:41 **** Incremental Build of configuration Debug for project uart ****
make all 
make: Nothing to be done for `all'.
13:44:15 **** Incremental Build of configuration Debug for project uart ****
make all 
make: Nothing to be done for `all'.
13:56:13 **** Incremental Build of configuration Debug for project uart ****
make all 
make: Nothing to be done for `all'.
13:56:56 **** Incremental Build of configuration Debug for project uart ****
make all 
make: Nothing to be done for `all'.
13:59:33 **** Incremental Build of configuration Debug for project uart ****
make all 
Building file: ../src/uart_main.c
Invoking: MCU C Compiler
arm-none-eabi-gcc -D__REDLIB__ -D__USE_CMSIS -DDEBUG -D__CODE_RED -I../cmsis -I../config -I../driver -O0 -g3 -Wall -c -fmessage-length=0 -fno-builtin -ffunction-sections -fdata-sections -mcpu=cortex-m0 -mthumb -MMD -MP -MF"src/uart_main.d" -MT"src/uart_main.d" -o "src/uart_main.o" "../src/uart_main.c"
../src/uart_main.c: In function 'main':
../src/uart_main.c:60:8: warning: unused variable 'sendNumber' [-Wunused-variable]
Finished building: ../src/uart_main.c
 
Building target: uart.axf
Invoking: MCU Linker
arm-none-eabi-gcc -nostdlib -Xlinker -Map=uart.map -Xlinker --gc-sections -mcpu=cortex-m0 -mthumb -T "../linker/lpc1114_flash_crp.ld" -o "uart.axf"  ./startup/cr_startup_lpc11.o  ./src/uart_main.o  ./driver/adc.o ./driver/can.o ./driver/crp.o ./driver/uart.o  ./cmsis/core_cm0.o ./cmsis/system_LPC11xx.o   
Finished building target: uart.axf
 
make --no-print-directory post-build
Performing post-build steps
arm-none-eabi-size uart.axf; arm-none-eabi-objcopy -O binary uart.axf uart.bin ; checksum -p LPC1114_302 -d uart.bin;
   text	   data	    bss	    dec	    hex	filename
   2744	      8	    112	   2864	    b30	uart.axf
Created checksum 0xefffd62d at offset 0x1c in file uart.bin 
13:59:59 **** Incremental Build of configuration Debug for project uart ****
make all 
make: Nothing to be done for `all'.
14:00:42 **** Incremental Build of configuration Debug for project uart ****
make all 
Building file: ../src/uart_main.c
Invoking: MCU C Compiler
arm-none-eabi-gcc -D__REDLIB__ -D__USE_CMSIS -DDEBUG -D__CODE_RED -I../cmsis -I../config -I../driver -O0 -g3 -Wall -c -fmessage-length=0 -fno-builtin -ffunction-sections -fdata-sections -mcpu=cortex-m0 -mthumb -MMD -MP -MF"src/uart_main.d" -MT"src/uart_main.d" -o "src/uart_main.o" "../src/uart_main.c"
../src/uart_main.c: In function 'main':
../src/uart_main.c:60:8: warning: unused variable 'sendNumber' [-Wunused-variable]
Finished building: ../src/uart_main.c
 
Building target: uart.axf
Invoking: MCU Linker
arm-none-eabi-gcc -nostdlib -Xlinker -Map=uart.map -Xlinker --gc-sections -mcpu=cortex-m0 -mthumb -T "../linker/lpc1114_flash_crp.ld" -o "uart.axf"  ./startup/cr_startup_lpc11.o  ./src/uart_main.o  ./driver/adc.o ./driver/can.o ./driver/crp.o ./driver/uart.o  ./cmsis/core_cm0.o ./cmsis/system_LPC11xx.o   
Finished building target: uart.axf
 
make --no-print-directory post-build
Performing post-build steps
arm-none-eabi-size uart.axf; arm-none-eabi-objcopy -O binary uart.axf uart.bin ; checksum -p LPC1114_302 -d uart.bin;
   text	   data	    bss	    dec	    hex	filename
   2744	      8	    112	   2864	    b30	uart.axf
Created checksum 0xefffd62d at offset 0x1c in file uart.bin 
14:02:01 **** Incremental Build of configuration Debug for project uart ****
make all 
Building file: ../src/uart_main.c
Invoking: MCU C Compiler
arm-none-eabi-gcc -D__REDLIB__ -D__USE_CMSIS -DDEBUG -D__CODE_RED -I../cmsis -I../config -I../driver -O0 -g3 -Wall -c -fmessage-length=0 -fno-builtin -ffunction-sections -fdata-sections -mcpu=cortex-m0 -mthumb -MMD -MP -MF"src/uart_main.d" -MT"src/uart_main.d" -o "src/uart_main.o" "../src/uart_main.c"
../src/uart_main.c: In function 'main':
../src/uart_main.c:60:8: warning: unused variable 'sendNumber' [-Wunused-variable]
Finished building: ../src/uart_main.c
 
Building target: uart.axf
Invoking: MCU Linker
arm-none-eabi-gcc -nostdlib -Xlinker -Map=uart.map -Xlinker --gc-sections -mcpu=cortex-m0 -mthumb -T "../linker/lpc1114_flash_crp.ld" -o "uart.axf"  ./startup/cr_startup_lpc11.o  ./src/uart_main.o  ./driver/adc.o ./driver/can.o ./driver/crp.o ./driver/uart.o  ./cmsis/core_cm0.o ./cmsis/system_LPC11xx.o   
Finished building target: uart.axf
 
make --no-print-directory post-build
Performing post-build steps
arm-none-eabi-size uart.axf; arm-none-eabi-objcopy -O binary uart.axf uart.bin ; checksum -p LPC1114_302 -d uart.bin;
   text	   data	    bss	    dec	    hex	filename
   2748	      8	    112	   2868	    b34	uart.axf
Created checksum 0xefffd62d at offset 0x1c in file uart.bin 
14:04:44 **** Incremental Build of configuration Debug for project uart ****
make all 
Building file: ../src/uart_main.c
Invoking: MCU C Compiler
arm-none-eabi-gcc -D__REDLIB__ -D__USE_CMSIS -DDEBUG -D__CODE_RED -I../cmsis -I../config -I../driver -O0 -g3 -Wall -c -fmessage-length=0 -fno-builtin -ffunction-sections -fdata-sections -mcpu=cortex-m0 -mthumb -MMD -MP -MF"src/uart_main.d" -MT"src/uart_main.d" -o "src/uart_main.o" "../src/uart_main.c"
../src/uart_main.c: In function 'main':
../src/uart_main.c:63:4: error: expected ',' or ';' before 'UARTSend'
../src/uart_main.c:62:12: warning: unused variable 'this' [-Wunused-variable]
../src/uart_main.c:60:8: warning: unused variable 'sendNumber' [-Wunused-variable]
make: *** [src/uart_main.o] Error 1
14:05:30 **** Incremental Build of configuration Debug for project uart ****
make all 
Building file: ../src/uart_main.c
Invoking: MCU C Compiler
arm-none-eabi-gcc -D__REDLIB__ -D__USE_CMSIS -DDEBUG -D__CODE_RED -I../cmsis -I../config -I../driver -O0 -g3 -Wall -c -fmessage-length=0 -fno-builtin -ffunction-sections -fdata-sections -mcpu=cortex-m0 -mthumb -MMD -MP -MF"src/uart_main.d" -MT"src/uart_main.d" -o "src/uart_main.o" "../src/uart_main.c"
../src/uart_main.c: In function 'main':
../src/uart_main.c:60:8: warning: unused variable 'sendNumber' [-Wunused-variable]
Finished building: ../src/uart_main.c
 
Building target: uart.axf
Invoking: MCU Linker
arm-none-eabi-gcc -nostdlib -Xlinker -Map=uart.map -Xlinker --gc-sections -mcpu=cortex-m0 -mthumb -T "../linker/lpc1114_flash_crp.ld" -o "uart.axf"  ./startup/cr_startup_lpc11.o  ./src/uart_main.o  ./driver/adc.o ./driver/can.o ./driver/crp.o ./driver/uart.o  ./cmsis/core_cm0.o ./cmsis/system_LPC11xx.o   
Finished building target: uart.axf
 
make --no-print-directory post-build
Performing post-build steps
arm-none-eabi-size uart.axf; arm-none-eabi-objcopy -O binary uart.axf uart.bin ; checksum -p LPC1114_302 -d uart.bin;
   text	   data	    bss	    dec	    hex	filename
   2708	      8	    112	   2828	    b0c	uart.axf
Created checksum 0xefffd62d at offset 0x1c in file uart.bin 
14:06:53 **** Incremental Build of configuration Debug for project uart ****
make all 
Building file: ../src/uart_main.c
Invoking: MCU C Compiler
arm-none-eabi-gcc -D__REDLIB__ -D__USE_CMSIS -DDEBUG -D__CODE_RED -I../cmsis -I../config -I../driver -O0 -g3 -Wall -c -fmessage-length=0 -fno-builtin -ffunction-sections -fdata-sections -mcpu=cortex-m0 -mthumb -MMD -MP -MF"src/uart_main.d" -MT"src/uart_main.d" -o "src/uart_main.o" "../src/uart_main.c"
../src/uart_main.c: In function 'main':
../src/uart_main.c:60:8: warning: unused variable 'sendNumber' [-Wunused-variable]
Finished building: ../src/uart_main.c
 
Building target: uart.axf
Invoking: MCU Linker
arm-none-eabi-gcc -nostdlib -Xlinker -Map=uart.map -Xlinker --gc-sections -mcpu=cortex-m0 -mthumb -T "../linker/lpc1114_flash_crp.ld" -o "uart.axf"  ./startup/cr_startup_lpc11.o  ./src/uart_main.o  ./driver/adc.o ./driver/can.o ./driver/crp.o ./driver/uart.o  ./cmsis/core_cm0.o ./cmsis/system_LPC11xx.o   
Finished building target: uart.axf
 
make --no-print-directory post-build
Performing post-build steps
arm-none-eabi-size uart.axf; arm-none-eabi-objcopy -O binary uart.axf uart.bin ; checksum -p LPC1114_302 -d uart.bin;
   text	   data	    bss	    dec	    hex	filename
   2708	      8	    112	   2828	    b0c	uart.axf
Created checksum 0xefffd62d at offset 0x1c in file uart.bin 
14:08:57 **** Incremental Build of configuration Debug for project uart ****
make all 
Building file: ../src/uart_main.c
Invoking: MCU C Compiler
arm-none-eabi-gcc -D__REDLIB__ -D__USE_CMSIS -DDEBUG -D__CODE_RED -I../cmsis -I../config -I../driver -O0 -g3 -Wall -c -fmessage-length=0 -fno-builtin -ffunction-sections -fdata-sections -mcpu=cortex-m0 -mthumb -MMD -MP -MF"src/uart_main.d" -MT"src/uart_main.d" -o "src/uart_main.o" "../src/uart_main.c"
Finished building: ../src/uart_main.c
 
Building target: uart.axf
Invoking: MCU Linker
arm-none-eabi-gcc -nostdlib -Xlinker -Map=uart.map -Xlinker --gc-sections -mcpu=cortex-m0 -mthumb -T "../linker/lpc1114_flash_crp.ld" -o "uart.axf"  ./startup/cr_startup_lpc11.o  ./src/uart_main.o  ./driver/adc.o ./driver/can.o ./driver/crp.o ./driver/uart.o  ./cmsis/core_cm0.o ./cmsis/system_LPC11xx.o   
Finished building target: uart.axf
 
make --no-print-directory post-build
Performing post-build steps
arm-none-eabi-size uart.axf; arm-none-eabi-objcopy -O binary uart.axf uart.bin ; checksum -p LPC1114_302 -d uart.bin;
   text	   data	    bss	    dec	    hex	filename
   2704	      8	    112	   2824	    b08	uart.axf
Created checksum 0xefffd62d at offset 0x1c in file uart.bin 
14:09:57 **** Incremental Build of configuration Debug for project uart ****
make all 
Building file: ../src/uart_main.c
Invoking: MCU C Compiler
arm-none-eabi-gcc -D__REDLIB__ -D__USE_CMSIS -DDEBUG -D__CODE_RED -I../cmsis -I../config -I../driver -O0 -g3 -Wall -c -fmessage-length=0 -fno-builtin -ffunction-sections -fdata-sections -mcpu=cortex-m0 -mthumb -MMD -MP -MF"src/uart_main.d" -MT"src/uart_main.d" -o "src/uart_main.o" "../src/uart_main.c"
Finished building: ../src/uart_main.c
 
Building target: uart.axf
Invoking: MCU Linker
arm-none-eabi-gcc -nostdlib -Xlinker -Map=uart.map -Xlinker --gc-sections -mcpu=cortex-m0 -mthumb -T "../linker/lpc1114_flash_crp.ld" -o "uart.axf"  ./startup/cr_startup_lpc11.o  ./src/uart_main.o  ./driver/adc.o ./driver/can.o ./driver/crp.o ./driver/uart.o  ./cmsis/core_cm0.o ./cmsis/system_LPC11xx.o   
Finished building target: uart.axf
 
make --no-print-directory post-build
Performing post-build steps
arm-none-eabi-size uart.axf; arm-none-eabi-objcopy -O binary uart.axf uart.bin ; checksum -p LPC1114_302 -d uart.bin;
   text	   data	    bss	    dec	    hex	filename
   2816	      8	    112	   2936	    b78	uart.axf
Created checksum 0xefffd62d at offset 0x1c in file uart.bin 
14:13:56 **** Incremental Build of configuration Debug for project uart ****
make all 
Building file: ../src/uart_main.c
Invoking: MCU C Compiler
arm-none-eabi-gcc -D__REDLIB__ -D__USE_CMSIS -DDEBUG -D__CODE_RED -I../cmsis -I../config -I../driver -O0 -g3 -Wall -c -fmessage-length=0 -fno-builtin -ffunction-sections -fdata-sections -mcpu=cortex-m0 -mthumb -MMD -MP -MF"src/uart_main.d" -MT"src/uart_main.d" -o "src/uart_main.o" "../src/uart_main.c"
../src/uart_main.c: In function 'main':
../src/uart_main.c:65:14: warning: cast from pointer to integer of different size [-Wpointer-to-int-cast]
../src/uart_main.c:65:4: warning: passing argument 1 of 'UARTSend' makes pointer from integer without a cast [enabled by default]
../driver/uart.h:52:6: note: expected 'uint8_t *' but argument is of type 'unsigned char'
Finished building: ../src/uart_main.c
 
Building target: uart.axf
Invoking: MCU Linker
arm-none-eabi-gcc -nostdlib -Xlinker -Map=uart.map -Xlinker --gc-sections -mcpu=cortex-m0 -mthumb -T "../linker/lpc1114_flash_crp.ld" -o "uart.axf"  ./startup/cr_startup_lpc11.o  ./src/uart_main.o  ./driver/adc.o ./driver/can.o ./driver/crp.o ./driver/uart.o  ./cmsis/core_cm0.o ./cmsis/system_LPC11xx.o   
Finished building target: uart.axf
 
make --no-print-directory post-build
Performing post-build steps
arm-none-eabi-size uart.axf; arm-none-eabi-objcopy -O binary uart.axf uart.bin ; checksum -p LPC1114_302 -d uart.bin;
   text	   data	    bss	    dec	    hex	filename
   2836	      8	    112	   2956	    b8c	uart.axf
Created checksum 0xefffd62d at offset 0x1c in file uart.bin 
14:16:23 **** Incremental Build of configuration Debug for project uart ****
make all 
make: Nothing to be done for `all'.
14:18:41 **** Incremental Build of configuration Debug for project uart ****
make all 
Building file: ../src/uart_main.c
Invoking: MCU C Compiler
arm-none-eabi-gcc -D__REDLIB__ -D__USE_CMSIS -DDEBUG -D__CODE_RED -I../cmsis -I../config -I../driver -O0 -g3 -Wall -c -fmessage-length=0 -fno-builtin -ffunction-sections -fdata-sections -mcpu=cortex-m0 -mthumb -MMD -MP -MF"src/uart_main.d" -MT"src/uart_main.d" -o "src/uart_main.o" "../src/uart_main.c"
../src/uart_main.c: In function 'main':
../src/uart_main.c:62:19: error: void value not ignored as it ought to be
../src/uart_main.c:67:14: warning: cast from pointer to integer of different size [-Wpointer-to-int-cast]
../src/uart_main.c:67:4: warning: passing argument 1 of 'UARTSend' makes pointer from integer without a cast [enabled by default]
../driver/uart.h:52:6: note: expected 'uint8_t *' but argument is of type 'unsigned char'
make: *** [src/uart_main.o] Error 1
14:19:16 **** Incremental Build of configuration Debug for project uart ****
make all 
Building file: ../src/uart_main.c
Invoking: MCU C Compiler
arm-none-eabi-gcc -D__REDLIB__ -D__USE_CMSIS -DDEBUG -D__CODE_RED -I../cmsis -I../config -I../driver -O0 -g3 -Wall -c -fmessage-length=0 -fno-builtin -ffunction-sections -fdata-sections -mcpu=cortex-m0 -mthumb -MMD -MP -MF"src/uart_main.d" -MT"src/uart_main.d" -o "src/uart_main.o" "../src/uart_main.c"
../src/uart_main.c: In function 'main':
../src/uart_main.c:65:14: warning: cast from pointer to integer of different size [-Wpointer-to-int-cast]
../src/uart_main.c:65:4: warning: passing argument 1 of 'UARTSend' makes pointer from integer without a cast [enabled by default]
../driver/uart.h:52:6: note: expected 'uint8_t *' but argument is of type 'unsigned char'
Finished building: ../src/uart_main.c
 
Building target: uart.axf
Invoking: MCU Linker
arm-none-eabi-gcc -nostdlib -Xlinker -Map=uart.map -Xlinker --gc-sections -mcpu=cortex-m0 -mthumb -T "../linker/lpc1114_flash_crp.ld" -o "uart.axf"  ./startup/cr_startup_lpc11.o  ./src/uart_main.o  ./driver/adc.o ./driver/can.o ./driver/crp.o ./driver/uart.o  ./cmsis/core_cm0.o ./cmsis/system_LPC11xx.o   
Finished building target: uart.axf
 
make --no-print-directory post-build
Performing post-build steps
arm-none-eabi-size uart.axf; arm-none-eabi-objcopy -O binary uart.axf uart.bin ; checksum -p LPC1114_302 -d uart.bin;
   text	   data	    bss	    dec	    hex	filename
   2836	      8	    112	   2956	    b8c	uart.axf
Created checksum 0xefffd62d at offset 0x1c in file uart.bin 
14:19:42 **** Incremental Build of configuration Debug for project uart ****
make all 
make: Nothing to be done for `all'.
14:21:59 **** Incremental Build of configuration Debug for project uart ****
make all 
make: Nothing to be done for `all'.
14:32:02 **** Incremental Build of configuration Debug for project uart ****
make all 
Building file: ../src/uart_main.c
Invoking: MCU C Compiler
arm-none-eabi-gcc -D__REDLIB__ -D__USE_CMSIS -DDEBUG -D__CODE_RED -I../cmsis -I../config -I../driver -O0 -g3 -Wall -c -fmessage-length=0 -fno-builtin -ffunction-sections -fdata-sections -mcpu=cortex-m0 -mthumb -MMD -MP -MF"src/uart_main.d" -MT"src/uart_main.d" -o "src/uart_main.o" "../src/uart_main.c"
../src/uart_main.c: In function 'main':
../src/uart_main.c:67:4: warning: implicit declaration of function 'memcpy' [-Wimplicit-function-declaration]
../src/uart_main.c:72:25: error: 'byteBackage' undeclared (first use in this function)
../src/uart_main.c:72:25: note: each undeclared identifier is reported only once for each function it appears in
make: *** [src/uart_main.o] Error 1
14:32:36 **** Incremental Build of configuration Debug for project uart ****
make all 
Building file: ../src/uart_main.c
Invoking: MCU C Compiler
arm-none-eabi-gcc -D__REDLIB__ -D__USE_CMSIS -DDEBUG -D__CODE_RED -I../cmsis -I../config -I../driver -O0 -g3 -Wall -c -fmessage-length=0 -fno-builtin -ffunction-sections -fdata-sections -mcpu=cortex-m0 -mthumb -MMD -MP -MF"src/uart_main.d" -MT"src/uart_main.d" -o "src/uart_main.o" "../src/uart_main.c"
../src/uart_main.c:26:19: warning: extra tokens at end of #include directive [enabled by default]
../src/uart_main.c: In function 'main':
../src/uart_main.c:69:4: warning: implicit declaration of function 'memcpy' [-Wimplicit-function-declaration]
../src/uart_main.c:74:25: error: 'byteBackage' undeclared (first use in this function)
../src/uart_main.c:74:25: note: each undeclared identifier is reported only once for each function it appears in
make: *** [src/uart_main.o] Error 1
14:33:07 **** Incremental Build of configuration Debug for project uart ****
make all 
Building file: ../src/uart_main.c
Invoking: MCU C Compiler
arm-none-eabi-gcc -D__REDLIB__ -D__USE_CMSIS -DDEBUG -D__CODE_RED -I../cmsis -I../config -I../driver -O0 -g3 -Wall -c -fmessage-length=0 -fno-builtin -ffunction-sections -fdata-sections -mcpu=cortex-m0 -mthumb -MMD -MP -MF"src/uart_main.d" -MT"src/uart_main.d" -o "src/uart_main.o" "../src/uart_main.c"
../src/uart_main.c:26:17: warning: extra tokens at end of #include directive [enabled by default]
../src/uart_main.c:26:18: fatal error: stdio: No such file or directory
compilation terminated.
make: *** [src/uart_main.o] Error 1
14:33:39 **** Incremental Build of configuration Debug for project uart ****
make all 
Building file: ../src/uart_main.c
Invoking: MCU C Compiler
arm-none-eabi-gcc -D__REDLIB__ -D__USE_CMSIS -DDEBUG -D__CODE_RED -I../cmsis -I../config -I../driver -O0 -g3 -Wall -c -fmessage-length=0 -fno-builtin -ffunction-sections -fdata-sections -mcpu=cortex-m0 -mthumb -MMD -MP -MF"src/uart_main.d" -MT"src/uart_main.d" -o "src/uart_main.o" "../src/uart_main.c"
../src/uart_main.c:26:19: warning: extra tokens at end of #include directive [enabled by default]
../src/uart_main.c: In function 'main':
../src/uart_main.c:69:4: warning: implicit declaration of function 'memcpy' [-Wimplicit-function-declaration]
../src/uart_main.c:74:25: error: 'byteBackage' undeclared (first use in this function)
../src/uart_main.c:74:25: note: each undeclared identifier is reported only once for each function it appears in
make: *** [src/uart_main.o] Error 1
14:34:25 **** Incremental Build of configuration Debug for project uart ****
make all 
Building file: ../src/uart_main.c
Invoking: MCU C Compiler
arm-none-eabi-gcc -D__REDLIB__ -D__USE_CMSIS -DDEBUG -D__CODE_RED -I../cmsis -I../config -I../driver -O0 -g3 -Wall -c -fmessage-length=0 -fno-builtin -ffunction-sections -fdata-sections -mcpu=cortex-m0 -mthumb -MMD -MP -MF"src/uart_main.d" -MT"src/uart_main.d" -o "src/uart_main.o" "../src/uart_main.c"
../src/uart_main.c: In function 'main':
../src/uart_main.c:74:25: error: 'byteBackage' undeclared (first use in this function)
../src/uart_main.c:74:25: note: each undeclared identifier is reported only once for each function it appears in
../src/uart_main.c:62:12: warning: variable 'bytePackage' set but not used [-Wunused-but-set-variable]
make: *** [src/uart_main.o] Error 1
14:34:49 **** Incremental Build of configuration Debug for project uart ****
make all 
Building file: ../src/uart_main.c
Invoking: MCU C Compiler
arm-none-eabi-gcc -D__REDLIB__ -D__USE_CMSIS -DDEBUG -D__CODE_RED -I../cmsis -I../config -I../driver -O0 -g3 -Wall -c -fmessage-length=0 -fno-builtin -ffunction-sections -fdata-sections -mcpu=cortex-m0 -mthumb -MMD -MP -MF"src/uart_main.d" -MT"src/uart_main.d" -o "src/uart_main.o" "../src/uart_main.c"
Finished building: ../src/uart_main.c
 
Building target: uart.axf
Invoking: MCU Linker
arm-none-eabi-gcc -nostdlib -Xlinker -Map=uart.map -Xlinker --gc-sections -mcpu=cortex-m0 -mthumb -T "../linker/lpc1114_flash_crp.ld" -o "uart.axf"  ./startup/cr_startup_lpc11.o  ./src/uart_main.o  ./driver/adc.o ./driver/can.o ./driver/crp.o ./driver/uart.o  ./cmsis/core_cm0.o ./cmsis/system_LPC11xx.o   
Finished building target: uart.axf
 
make --no-print-directory post-build
Performing post-build steps
arm-none-eabi-size uart.axf; arm-none-eabi-objcopy -O binary uart.axf uart.bin ; checksum -p LPC1114_302 -d uart.bin;
   text	   data	    bss	    dec	    hex	filename
   2864	      8	    112	   2984	    ba8	uart.axf
Created checksum 0xefffd62d at offset 0x1c in file uart.bin 
14:40:41 **** Incremental Build of configuration Debug for project uart ****
make all 
make: Nothing to be done for `all'.
